[0.008s] Invoking command in '/home/namrata/my_ws/build/my_pkg': CMAKE_PREFIX_PATH=${CMAKE_PREFIX_PATH}:/opt/ros/humble /usr/bin/cmake --build /home/namrata/my_ws/build/my_pkg -- -j12 -l12
[0.022s] -- Found ament_cmake: 1.3.12 (/opt/ros/humble/share/ament_cmake/cmake)
[0.113s] -- Found ament_lint_auto: 0.12.14 (/opt/ros/humble/share/ament_lint_auto/cmake)
[0.159s] -- Added test 'flake8' to check Python code syntax and style conventions
[0.159s] -- Added test 'lint_cmake' to check CMake code style
[0.159s] -- Added test 'pep257' to check Python code against some of the docstring style conventions in PEP 257
[0.160s] -- Added test 'xmllint' to check XML markup files
[0.160s] -- Configuring done
[0.162s] -- Generating done
[0.163s] -- Build files have been written to: /home/namrata/my_ws/build/my_pkg
[0.179s] Invoked command in '/home/namrata/my_ws/build/my_pkg' returned '0': CMAKE_PREFIX_PATH=${CMAKE_PREFIX_PATH}:/opt/ros/humble /usr/bin/cmake --build /home/namrata/my_ws/build/my_pkg -- -j12 -l12
[0.186s] Invoking command in '/home/namrata/my_ws/build/my_pkg': CMAKE_PREFIX_PATH=${CMAKE_PREFIX_PATH}:/opt/ros/humble /usr/bin/cmake --install /home/namrata/my_ws/build/my_pkg
[0.194s] -- Install configuration: ""
[0.194s] -- Installing: /home/namrata/my_ws/install/my_pkg/lib/$(PROJECT_NAME)/my_node.py
[0.194s] -- Up-to-date: /home/namrata/my_ws/install/my_pkg/share/ament_index/resource_index/package_run_dependencies/my_pkg
[0.194s] -- Installing: /home/namrata/my_ws/install/my_pkg/share/ament_index/resource_index/parent_prefix_path/my_pkg
[0.194s] -- Up-to-date: /home/namrata/my_ws/install/my_pkg/share/my_pkg/environment/ament_prefix_path.sh
[0.194s] -- Installing: /home/namrata/my_ws/install/my_pkg/share/my_pkg/environment/ament_prefix_path.dsv
[0.194s] -- Up-to-date: /home/namrata/my_ws/install/my_pkg/share/my_pkg/environment/path.sh
[0.194s] -- Installing: /home/namrata/my_ws/install/my_pkg/share/my_pkg/environment/path.dsv
[0.195s] -- Up-to-date: /home/namrata/my_ws/install/my_pkg/share/my_pkg/local_setup.bash
[0.195s] -- Up-to-date: /home/namrata/my_ws/install/my_pkg/share/my_pkg/local_setup.sh
[0.195s] -- Up-to-date: /home/namrata/my_ws/install/my_pkg/share/my_pkg/local_setup.zsh
[0.195s] -- Installing: /home/namrata/my_ws/install/my_pkg/share/my_pkg/local_setup.dsv
[0.196s] -- Installing: /home/namrata/my_ws/install/my_pkg/share/my_pkg/package.dsv
[0.196s] -- Up-to-date: /home/namrata/my_ws/install/my_pkg/share/ament_index/resource_index/packages/my_pkg
[0.196s] -- Up-to-date: /home/namrata/my_ws/install/my_pkg/share/my_pkg/cmake/my_pkgConfig.cmake
[0.196s] -- Up-to-date: /home/namrata/my_ws/install/my_pkg/share/my_pkg/cmake/my_pkgConfig-version.cmake
[0.196s] -- Up-to-date: /home/namrata/my_ws/install/my_pkg/share/my_pkg/package.xml
[0.197s] Invoked command in '/home/namrata/my_ws/build/my_pkg' returned '0': CMAKE_PREFIX_PATH=${CMAKE_PREFIX_PATH}:/opt/ros/humble /usr/bin/cmake --install /home/namrata/my_ws/build/my_pkg
