[0.420s] Invoking command in '/home/namrata/my_ws/src/my_pkg': PYTHONPATH=/home/namrata/my_ws/build/my_pkg/prefix_override:/usr/lib/python3/dist-packages/colcon_core/task/python/colcon_distutils_commands:/home/namrata/my_ws/install/my_pkg/lib/python3.10/site-packages:${PYTHONPATH} /usr/bin/python3 -W ignore:setup.py install is deprecated -W ignore:easy_install command is deprecated setup.py egg_info --egg-base ../../build/my_pkg build --build-base /home/namrata/my_ws/build/my_pkg/build install --record /home/namrata/my_ws/build/my_pkg/install.log --single-version-externally-managed install_data
[0.559s] running egg_info
[0.559s] creating ../../build/my_pkg/my_pkg.egg-info
[0.560s] writing ../../build/my_pkg/my_pkg.egg-info/PKG-INFO
[0.560s] writing dependency_links to ../../build/my_pkg/my_pkg.egg-info/dependency_links.txt
[0.560s] writing entry points to ../../build/my_pkg/my_pkg.egg-info/entry_points.txt
[0.560s] writing requirements to ../../build/my_pkg/my_pkg.egg-info/requires.txt
[0.560s] writing top-level names to ../../build/my_pkg/my_pkg.egg-info/top_level.txt
[0.560s] writing manifest file '../../build/my_pkg/my_pkg.egg-info/SOURCES.txt'
[0.561s] reading manifest file '../../build/my_pkg/my_pkg.egg-info/SOURCES.txt'
[0.561s] writing manifest file '../../build/my_pkg/my_pkg.egg-info/SOURCES.txt'
[0.561s] running build
[0.561s] running build_py
[0.562s] creating /home/namrata/my_ws/build/my_pkg/build
[0.562s] creating /home/namrata/my_ws/build/my_pkg/build/lib
[0.562s] creating /home/namrata/my_ws/build/my_pkg/build/lib/my_pkg
[0.562s] copying my_pkg/__init__.py -> /home/namrata/my_ws/build/my_pkg/build/lib/my_pkg
[0.562s] copying my_pkg/my_node.py -> /home/namrata/my_ws/build/my_pkg/build/lib/my_pkg
[0.562s] running install
[0.562s] running install_lib
[0.562s] creating /home/namrata/my_ws/install/my_pkg/lib/python3.10/site-packages/my_pkg
[0.562s] copying /home/namrata/my_ws/build/my_pkg/build/lib/my_pkg/__init__.py -> /home/namrata/my_ws/install/my_pkg/lib/python3.10/site-packages/my_pkg
[0.562s] copying /home/namrata/my_ws/build/my_pkg/build/lib/my_pkg/my_node.py -> /home/namrata/my_ws/install/my_pkg/lib/python3.10/site-packages/my_pkg
[0.563s] byte-compiling /home/namrata/my_ws/install/my_pkg/lib/python3.10/site-packages/my_pkg/__init__.py to __init__.cpython-310.pyc
[0.563s] byte-compiling /home/namrata/my_ws/install/my_pkg/lib/python3.10/site-packages/my_pkg/my_node.py to my_node.cpython-310.pyc
[0.563s] running install_data
[0.563s] copying resource/my_pkg -> /home/namrata/my_ws/install/my_pkg/share/ament_index/resource_index/packages
[0.563s] copying package.xml -> /home/namrata/my_ws/install/my_pkg/share/my_pkg
[0.563s] running install_egg_info
[0.564s] Copying ../../build/my_pkg/my_pkg.egg-info to /home/namrata/my_ws/install/my_pkg/lib/python3.10/site-packages/my_pkg-0.0.0-py3.10.egg-info
[0.565s] running install_scripts
[0.579s] Installing my_node script to /home/namrata/my_ws/install/my_pkg/lib/my_pkg
[0.579s] writing list of installed files to '/home/namrata/my_ws/build/my_pkg/install.log'
[0.597s] Invoked command in '/home/namrata/my_ws/src/my_pkg' returned '0': PYTHONPATH=/home/namrata/my_ws/build/my_pkg/prefix_override:/usr/lib/python3/dist-packages/colcon_core/task/python/colcon_distutils_commands:/home/namrata/my_ws/install/my_pkg/lib/python3.10/site-packages:${PYTHONPATH} /usr/bin/python3 -W ignore:setup.py install is deprecated -W ignore:easy_install command is deprecated setup.py egg_info --egg-base ../../build/my_pkg build --build-base /home/namrata/my_ws/build/my_pkg/build install --record /home/namrata/my_ws/build/my_pkg/install.log --single-version-externally-managed install_data
