[0.009s] Invoking command in '/home/namrata/my_ws/build/my_pkg': CMAKE_PREFIX_PATH=/opt/ros/humble /usr/bin/cmake /home/namrata/my_ws/src/my_pkg -DCMAKE_INSTALL_PREFIX=/home/namrata/my_ws/install/my_pkg
[0.157s] -- The C compiler identification is GNU 11.4.0
[0.267s] -- The CXX compiler identification is GNU 11.4.0
[0.276s] -- Detecting C compiler ABI info
[0.371s] -- Detecting C compiler ABI info - done
[0.376s] -- Check for working C compiler: /usr/bin/cc - skipped
[0.378s] -- Detecting C compile features
[0.379s] -- Detecting C compile features - done
[0.381s] -- Detecting CXX compiler ABI info
[0.462s] -- Detecting CXX compiler ABI info - done
[0.469s] -- Check for working CXX compiler: /usr/bin/c++ - skipped
[0.469s] -- Detecting CXX compile features
[0.470s] -- Detecting CXX compile features - done
[0.474s] -- Found ament_cmake: 1.3.12 (/opt/ros/humble/share/ament_cmake/cmake)
[0.617s] -- Found Python3: /usr/bin/python3 (found version "3.10.12") found components: Interpreter 
[0.700s] -- Found ament_lint_auto: 0.12.14 (/opt/ros/humble/share/ament_lint_auto/cmake)
[0.758s] -- Added test 'lint_cmake' to check CMake code style
[0.759s] -- Added test 'xmllint' to check XML markup files
[0.760s] -- Configuring done
[0.761s] -- Generating done
[0.762s] -- Build files have been written to: /home/namrata/my_ws/build/my_pkg
[0.766s] Invoked command in '/home/namrata/my_ws/build/my_pkg' returned '0': CMAKE_PREFIX_PATH=/opt/ros/humble /usr/bin/cmake /home/namrata/my_ws/src/my_pkg -DCMAKE_INSTALL_PREFIX=/home/namrata/my_ws/install/my_pkg
[0.768s] Invoking command in '/home/namrata/my_ws/build/my_pkg': CMAKE_PREFIX_PATH=/opt/ros/humble /usr/bin/cmake --build /home/namrata/my_ws/build/my_pkg -- -j12 -l12
[0.798s] Invoked command in '/home/namrata/my_ws/build/my_pkg' returned '0': CMAKE_PREFIX_PATH=/opt/ros/humble /usr/bin/cmake --build /home/namrata/my_ws/build/my_pkg -- -j12 -l12
[0.806s] Invoking command in '/home/namrata/my_ws/build/my_pkg': CMAKE_PREFIX_PATH=/opt/ros/humble /usr/bin/cmake --install /home/namrata/my_ws/build/my_pkg
[0.812s] -- Install configuration: ""
[0.812s] -- Installing: /home/namrata/my_ws/install/my_pkg/share/ament_index/resource_index/package_run_dependencies/my_pkg
[0.812s] -- Installing: /home/namrata/my_ws/install/my_pkg/share/ament_index/resource_index/parent_prefix_path/my_pkg
[0.812s] -- Installing: /home/namrata/my_ws/install/my_pkg/share/my_pkg/environment/ament_prefix_path.sh
[0.812s] -- Installing: /home/namrata/my_ws/install/my_pkg/share/my_pkg/environment/ament_prefix_path.dsv
[0.812s] -- Installing: /home/namrata/my_ws/install/my_pkg/share/my_pkg/environment/path.sh
[0.813s] -- Installing: /home/namrata/my_ws/install/my_pkg/share/my_pkg/environment/path.dsv
[0.813s] -- Installing: /home/namrata/my_ws/install/my_pkg/share/my_pkg/local_setup.bash
[0.813s] -- Installing: /home/namrata/my_ws/install/my_pkg/share/my_pkg/local_setup.sh
[0.813s] -- Installing: /home/namrata/my_ws/install/my_pkg/share/my_pkg/local_setup.zsh
[0.813s] -- Installing: /home/namrata/my_ws/install/my_pkg/share/my_pkg/local_setup.dsv
[0.813s] -- Installing: /home/namrata/my_ws/install/my_pkg/share/my_pkg/package.dsv
[0.813s] -- Installing: /home/namrata/my_ws/install/my_pkg/share/ament_index/resource_index/packages/my_pkg
[0.813s] -- Installing: /home/namrata/my_ws/install/my_pkg/share/my_pkg/cmake/my_pkgConfig.cmake
[0.813s] -- Installing: /home/namrata/my_ws/install/my_pkg/share/my_pkg/cmake/my_pkgConfig-version.cmake
[0.813s] -- Installing: /home/namrata/my_ws/install/my_pkg/share/my_pkg/package.xml
[0.814s] Invoked command in '/home/namrata/my_ws/build/my_pkg' returned '0': CMAKE_PREFIX_PATH=/opt/ros/humble /usr/bin/cmake --install /home/namrata/my_ws/build/my_pkg
