[0.007s] Invoking command in '/home/namrata/my_ws/build/my_pkg': CMAKE_PREFIX_PATH=${CMAKE_PREFIX_PATH}:/opt/ros/humble /usr/bin/cmake /home/namrata/my_ws/src/my_pkg -DCMAKE_INSTALL_PREFIX=/home/namrata/my_ws/install/my_pkg
[0.058s] -- The C compiler identification is GNU 11.4.0
[0.124s] -- The CXX compiler identification is GNU 11.4.0
[0.133s] -- Detecting C compiler ABI info
[0.216s] -- Detecting C compiler ABI info - done
[0.222s] -- Check for working C compiler: /usr/bin/cc - skipped
[0.222s] -- Detecting C compile features
[0.222s] -- Detecting C compile features - done
[0.226s] -- Detecting CXX compiler ABI info
[0.292s] -- Detecting CXX compiler ABI info - done
[0.299s] -- Check for working CXX compiler: /usr/bin/c++ - skipped
[0.299s] -- Detecting CXX compile features
[0.299s] -- Detecting CXX compile features - done
[0.300s] -- Found ament_cmake: 1.3.12 (/opt/ros/humble/share/ament_cmake/cmake)
[0.417s] -- Found Python3: /usr/bin/python3 (found version "3.10.12") found components: Interpreter 
[0.485s] -- Found ament_lint_auto: 0.12.14 (/opt/ros/humble/share/ament_lint_auto/cmake)
[0.539s] -- Added test 'flake8' to check Python code syntax and style conventions
[0.540s] -- Added test 'lint_cmake' to check CMake code style
[0.540s] -- Added test 'pep257' to check Python code against some of the docstring style conventions in PEP 257
[0.542s] -- Added test 'xmllint' to check XML markup files
[0.543s] -- Configuring done
[0.546s] -- Generating done
[0.548s] -- Build files have been written to: /home/namrata/my_ws/build/my_pkg
[0.552s] Invoked command in '/home/namrata/my_ws/build/my_pkg' returned '0': CMAKE_PREFIX_PATH=${CMAKE_PREFIX_PATH}:/opt/ros/humble /usr/bin/cmake /home/namrata/my_ws/src/my_pkg -DCMAKE_INSTALL_PREFIX=/home/namrata/my_ws/install/my_pkg
[0.553s] Invoking command in '/home/namrata/my_ws/build/my_pkg': CMAKE_PREFIX_PATH=${CMAKE_PREFIX_PATH}:/opt/ros/humble /usr/bin/cmake --build /home/namrata/my_ws/build/my_pkg -- -j12 -l12
[0.587s] Invoked command in '/home/namrata/my_ws/build/my_pkg' returned '0': CMAKE_PREFIX_PATH=${CMAKE_PREFIX_PATH}:/opt/ros/humble /usr/bin/cmake --build /home/namrata/my_ws/build/my_pkg -- -j12 -l12
[0.600s] Invoking command in '/home/namrata/my_ws/build/my_pkg': CMAKE_PREFIX_PATH=${CMAKE_PREFIX_PATH}:/opt/ros/humble /usr/bin/cmake --install /home/namrata/my_ws/build/my_pkg
[0.608s] -- Install configuration: ""
[0.608s] -- Installing: /home/namrata/my_ws/install/my_pkg/lib/my_pkg/my_node.py
[0.609s] -- Installing: /home/namrata/my_ws/install/my_pkg/lib/my_pkg/publisher_node.py
[0.609s] -- Installing: /home/namrata/my_ws/install/my_pkg/lib/my_pkg/subscriber_node.py
[0.609s] -- Installing: /home/namrata/my_ws/install/my_pkg/lib/my_pkg/server_node.py
[0.609s] -- Installing: /home/namrata/my_ws/install/my_pkg/lib/my_pkg/client_node.py
[0.609s] -- Installing: /home/namrata/my_ws/install/my_pkg/share/ament_index/resource_index/package_run_dependencies/my_pkg
[0.609s] -- Installing: /home/namrata/my_ws/install/my_pkg/share/ament_index/resource_index/parent_prefix_path/my_pkg
[0.610s] -- Installing: /home/namrata/my_ws/install/my_pkg/share/my_pkg/environment/ament_prefix_path.sh
[0.610s] -- Installing: /home/namrata/my_ws/install/my_pkg/share/my_pkg/environment/ament_prefix_path.dsv
[0.610s] -- Installing: /home/namrata/my_ws/install/my_pkg/share/my_pkg/environment/path.sh
[0.610s] -- Installing: /home/namrata/my_ws/install/my_pkg/share/my_pkg/environment/path.dsv
[0.610s] -- Installing: /home/namrata/my_ws/install/my_pkg/share/my_pkg/local_setup.bash
[0.610s] -- Installing: /home/namrata/my_ws/install/my_pkg/share/my_pkg/local_setup.sh
[0.610s] -- Installing: /home/namrata/my_ws/install/my_pkg/share/my_pkg/local_setup.zsh
[0.610s] -- Installing: /home/namrata/my_ws/install/my_pkg/share/my_pkg/local_setup.dsv
[0.611s] -- Installing: /home/namrata/my_ws/install/my_pkg/share/my_pkg/package.dsv
[0.611s] -- Installing: /home/namrata/my_ws/install/my_pkg/share/ament_index/resource_index/packages/my_pkg
[0.611s] -- Installing: /home/namrata/my_ws/install/my_pkg/share/my_pkg/cmake/my_pkgConfig.cmake
[0.611s] -- Installing: /home/namrata/my_ws/install/my_pkg/share/my_pkg/cmake/my_pkgConfig-version.cmake
[0.611s] -- Installing: /home/namrata/my_ws/install/my_pkg/share/my_pkg/package.xml
[0.613s] Invoked command in '/home/namrata/my_ws/build/my_pkg' returned '0': CMAKE_PREFIX_PATH=${CMAKE_PREFIX_PATH}:/opt/ros/humble /usr/bin/cmake --install /home/namrata/my_ws/build/my_pkg
